{"C:\\Users\\v__V_\\V-core9\\v_db\\index.js": {"path":"C:\\Users\\v__V_\\V-core9\\v_db\\index.js","all":false,"statementMap":{"0":{"start":{"line":1,"column":0},"end":{"line":1,"column":31}},"1":{"start":{"line":2,"column":0},"end":{"line":2,"column":0}},"2":{"start":{"line":3,"column":0},"end":{"line":3,"column":22}}},"s":{"0":1,"1":1,"2":1},"branchMap":{},"b":{},"fnMap":{},"f":{}}
,"C:\\Users\\v__V_\\V-core9\\v_db\\v_config.js": {"path":"C:\\Users\\v__V_\\V-core9\\v_db\\v_config.js","all":false,"statementMap":{"0":{"start":{"line":1,"column":0},"end":{"line":1,"column":0}},"1":{"start":{"line":2,"column":0},"end":{"line":2,"column":20}},"2":{"start":{"line":3,"column":0},"end":{"line":3,"column":17}},"3":{"start":{"line":4,"column":0},"end":{"line":4,"column":22}},"4":{"start":{"line":5,"column":0},"end":{"line":5,"column":28}},"5":{"start":{"line":6,"column":0},"end":{"line":6,"column":25}},"6":{"start":{"line":7,"column":0},"end":{"line":7,"column":19}},"7":{"start":{"line":8,"column":0},"end":{"line":8,"column":4}}},"s":{"0":1,"1":1,"2":1,"3":1,"4":1,"5":1,"6":1,"7":1},"branchMap":{},"b":{},"fnMap":{},"f":{}}
,"C:\\Users\\v__V_\\V-core9\\v_db\\src\\_del_db.js": {"path":"C:\\Users\\v__V_\\V-core9\\v_db\\src\\_del_db.js","all":false,"statementMap":{"0":{"start":{"line":1,"column":0},"end":{"line":1,"column":38}},"1":{"start":{"line":2,"column":0},"end":{"line":2,"column":29}},"2":{"start":{"line":3,"column":0},"end":{"line":3,"column":41}},"3":{"start":{"line":4,"column":0},"end":{"line":4,"column":0}},"4":{"start":{"line":5,"column":0},"end":{"line":5,"column":41}},"5":{"start":{"line":6,"column":0},"end":{"line":6,"column":85}},"6":{"start":{"line":7,"column":0},"end":{"line":7,"column":98}},"7":{"start":{"line":8,"column":0},"end":{"line":8,"column":2}},"8":{"start":{"line":9,"column":0},"end":{"line":9,"column":0}},"9":{"start":{"line":10,"column":0},"end":{"line":10,"column":0}},"10":{"start":{"line":11,"column":0},"end":{"line":11,"column":23}}},"s":{"0":1,"1":1,"2":1,"3":1,"4":1,"5":3,"6":1,"7":1,"8":1,"9":1,"10":1},"branchMap":{"0":{"type":"branch","line":5,"loc":{"start":{"line":5,"column":14},"end":{"line":8,"column":2}},"locations":[{"start":{"line":5,"column":14},"end":{"line":8,"column":2}}]},"1":{"type":"branch","line":6,"loc":{"start":{"line":6,"column":8},"end":{"line":6,"column":72}},"locations":[{"start":{"line":6,"column":8},"end":{"line":6,"column":72}}]},"2":{"type":"branch","line":6,"loc":{"start":{"line":6,"column":72},"end":{"line":6,"column":79}},"locations":[{"start":{"line":6,"column":72},"end":{"line":6,"column":79}}]},"3":{"type":"branch","line":6,"loc":{"start":{"line":6,"column":72},"end":{"line":8,"column":2}},"locations":[{"start":{"line":6,"column":72},"end":{"line":8,"column":2}}]}},"b":{"0":[3],"1":[2],"2":[2],"3":[1]},"fnMap":{"0":{"name":"delDB","decl":{"start":{"line":5,"column":14},"end":{"line":8,"column":2}},"loc":{"start":{"line":5,"column":14},"end":{"line":8,"column":2}},"line":5}},"f":{"0":3}}
,"C:\\Users\\v__V_\\V-core9\\v_db\\src\\_new_db.js": {"path":"C:\\Users\\v__V_\\V-core9\\v_db\\src\\_new_db.js","all":false,"statementMap":{"0":{"start":{"line":1,"column":0},"end":{"line":1,"column":38}},"1":{"start":{"line":2,"column":0},"end":{"line":2,"column":29}},"2":{"start":{"line":3,"column":0},"end":{"line":3,"column":41}},"3":{"start":{"line":4,"column":0},"end":{"line":4,"column":0}},"4":{"start":{"line":5,"column":0},"end":{"line":5,"column":41}},"5":{"start":{"line":6,"column":0},"end":{"line":6,"column":85}},"6":{"start":{"line":7,"column":0},"end":{"line":7,"column":87}},"7":{"start":{"line":8,"column":0},"end":{"line":8,"column":142}},"8":{"start":{"line":9,"column":0},"end":{"line":9,"column":2}},"9":{"start":{"line":10,"column":0},"end":{"line":10,"column":0}},"10":{"start":{"line":11,"column":0},"end":{"line":11,"column":23}}},"s":{"0":1,"1":1,"2":1,"3":1,"4":1,"5":3,"6":1,"7":1,"8":1,"9":1,"10":1},"branchMap":{"0":{"type":"branch","line":5,"loc":{"start":{"line":5,"column":14},"end":{"line":9,"column":2}},"locations":[{"start":{"line":5,"column":14},"end":{"line":9,"column":2}}]},"1":{"type":"branch","line":6,"loc":{"start":{"line":6,"column":8},"end":{"line":6,"column":72}},"locations":[{"start":{"line":6,"column":8},"end":{"line":6,"column":72}}]},"2":{"type":"branch","line":6,"loc":{"start":{"line":6,"column":72},"end":{"line":6,"column":79}},"locations":[{"start":{"line":6,"column":72},"end":{"line":6,"column":79}}]},"3":{"type":"branch","line":6,"loc":{"start":{"line":6,"column":72},"end":{"line":9,"column":2}},"locations":[{"start":{"line":6,"column":72},"end":{"line":9,"column":2}}]}},"b":{"0":[3],"1":[2],"2":[2],"3":[1]},"fnMap":{"0":{"name":"newDB","decl":{"start":{"line":5,"column":14},"end":{"line":9,"column":2}},"loc":{"start":{"line":5,"column":14},"end":{"line":9,"column":2}},"line":5}},"f":{"0":3}}
,"C:\\Users\\v__V_\\V-core9\\v_db\\src\\index.js": {"path":"C:\\Users\\v__V_\\V-core9\\v_db\\src\\index.js","all":false,"statementMap":{"0":{"start":{"line":1,"column":0},"end":{"line":1,"column":29}},"1":{"start":{"line":2,"column":0},"end":{"line":2,"column":0}},"2":{"start":{"line":3,"column":0},"end":{"line":3,"column":14}},"3":{"start":{"line":4,"column":0},"end":{"line":4,"column":33}},"4":{"start":{"line":5,"column":0},"end":{"line":5,"column":16}},"5":{"start":{"line":6,"column":0},"end":{"line":6,"column":51}},"6":{"start":{"line":7,"column":0},"end":{"line":7,"column":51}},"7":{"start":{"line":8,"column":0},"end":{"line":8,"column":19}},"8":{"start":{"line":9,"column":0},"end":{"line":9,"column":52}},"9":{"start":{"line":10,"column":0},"end":{"line":10,"column":16}},"10":{"start":{"line":11,"column":0},"end":{"line":11,"column":4}},"11":{"start":{"line":12,"column":0},"end":{"line":12,"column":10}},"12":{"start":{"line":13,"column":0},"end":{"line":13,"column":32}},"13":{"start":{"line":14,"column":0},"end":{"line":14,"column":3}},"14":{"start":{"line":15,"column":0},"end":{"line":15,"column":2}},"15":{"start":{"line":16,"column":0},"end":{"line":16,"column":0}},"16":{"start":{"line":17,"column":0},"end":{"line":17,"column":12}},"17":{"start":{"line":18,"column":0},"end":{"line":18,"column":0}},"18":{"start":{"line":19,"column":0},"end":{"line":19,"column":0}},"19":{"start":{"line":20,"column":0},"end":{"line":20,"column":22}}},"s":{"0":1,"1":1,"2":1,"3":1,"4":1,"5":1,"6":1,"7":1,"8":1,"9":1,"10":1,"11":1,"12":1,"13":1,"14":1,"15":1,"16":1,"17":1,"18":1,"19":1},"branchMap":{"0":{"type":"branch","line":8,"loc":{"start":{"line":8,"column":2},"end":{"line":11,"column":4}},"locations":[{"start":{"line":8,"column":2},"end":{"line":11,"column":4}}]},"1":{"type":"branch","line":12,"loc":{"start":{"line":12,"column":2},"end":{"line":14,"column":3}},"locations":[{"start":{"line":12,"column":2},"end":{"line":14,"column":3}}]}},"b":{"0":[1],"1":[1]},"fnMap":{"0":{"name":"listDatabases","decl":{"start":{"line":8,"column":2},"end":{"line":11,"column":4}},"loc":{"start":{"line":8,"column":2},"end":{"line":11,"column":4}},"line":8},"1":{"name":"init","decl":{"start":{"line":12,"column":2},"end":{"line":14,"column":3}},"loc":{"start":{"line":12,"column":2},"end":{"line":14,"column":3}},"line":12}},"f":{"0":1,"1":1}}
}
