TN:
SF:index.js
FNF:0
FNH:0
DA:1,1
DA:2,1
DA:3,1
LF:3
LH:3
BRF:0
BRH:0
end_of_record
TN:
SF:v_config.js
FNF:0
FNH:0
DA:1,1
DA:2,1
DA:3,1
DA:4,1
DA:5,1
DA:6,1
DA:7,1
DA:8,1
LF:8
LH:8
BRF:0
BRH:0
end_of_record
TN:
SF:src\_del_db.js
FN:5,delDB
FNF:1
FNH:1
FNDA:3,delDB
DA:1,1
DA:2,1
DA:3,1
DA:4,1
DA:5,1
DA:6,3
DA:7,1
DA:8,1
DA:9,1
DA:10,1
DA:11,1
LF:11
LH:11
BRDA:5,0,0,3
BRDA:6,1,0,2
BRDA:6,2,0,2
BRDA:6,3,0,1
BRF:4
BRH:4
end_of_record
TN:
SF:src\_new_db.js
FN:5,newDB
FNF:1
FNH:1
FNDA:3,newDB
DA:1,1
DA:2,1
DA:3,1
DA:4,1
DA:5,1
DA:6,3
DA:7,1
DA:8,1
DA:9,1
DA:10,1
DA:11,1
LF:11
LH:11
BRDA:5,0,0,3
BRDA:6,1,0,2
BRDA:6,2,0,2
BRDA:6,3,0,1
BRF:4
BRH:4
end_of_record
TN:
SF:src\index.js
FN:8,listDatabases
FN:12,init
FNF:2
FNH:2
FNDA:1,listDatabases
FNDA:1,init
DA:1,1
DA:2,1
DA:3,1
DA:4,1
DA:5,1
DA:6,1
DA:7,1
DA:8,1
DA:9,1
DA:10,1
DA:11,1
DA:12,1
DA:13,1
DA:14,1
DA:15,1
DA:16,1
DA:17,1
DA:18,1
DA:19,1
DA:20,1
LF:20
LH:20
BRDA:8,0,0,1
BRDA:12,1,0,1
BRF:2
BRH:2
end_of_record
